2024-12-17 19:06:03,120 - INFO - Scraping page 1...
2024-12-17 19:06:07,052 - INFO - Found 20 job listings on page 1.
2024-12-17 19:06:13,357 - ERROR - Error navigating to next page: Message: element click intercepted: Element <span>...</span> is not clickable at point (823, 9). Other element would receive the click: <div class="nI-gNb-header__wrapper">...</div>
  (Session info: chrome=131.0.6778.140)
Stacktrace:
	GetHandleVerifier [0x00007FF65E066CC5+28821]
	(No symbol) [0x00007FF65DFD3850]
	(No symbol) [0x00007FF65DE7578A]
	(No symbol) [0x00007FF65DED0E8E]
	(No symbol) [0x00007FF65DECE92C]
	(No symbol) [0x00007FF65DECBAF6]
	(No symbol) [0x00007FF65DECAA51]
	(No symbol) [0x00007FF65DEBCBA0]
	(No symbol) [0x00007FF65DEEF2FA]
	(No symbol) [0x00007FF65DEBC3F6]
	(No symbol) [0x00007FF65DEEF510]
	(No symbol) [0x00007FF65DF0F412]
	(No symbol) [0x00007FF65DEEF0A3]
	(No symbol) [0x00007FF65DEBA778]
	(No symbol) [0x00007FF65DEBB8E1]
	GetHandleVerifier [0x00007FF65E39FCCD+3408029]
	GetHandleVerifier [0x00007FF65E3B743F+3504143]
	GetHandleVerifier [0x00007FF65E3AB61D+3455469]
	GetHandleVerifier [0x00007FF65E12BDCB+835995]
	(No symbol) [0x00007FF65DFDEB6F]
	(No symbol) [0x00007FF65DFDA824]
	(No symbol) [0x00007FF65DFDA9BD]
	(No symbol) [0x00007FF65DFCA1A9]
	BaseThreadInitThunk [0x00007FF9AA0F259D+29]
	RtlUserThreadStart [0x00007FF9AA40AF38+40]

2024-12-17 19:06:16,539 - INFO - Saved 9 jobs to recent_job_listings1.csv.
2024-12-17 19:08:42,565 - INFO - Scraping page 1...
2024-12-17 19:08:48,346 - INFO - Found 20 job listings on page 1.
2024-12-17 19:08:53,623 - ERROR - Error navigating to next page: Message: element click intercepted: Element <span>...</span> is not clickable at point (823, 9). Other element would receive the click: <div class="nI-gNb-header__wrapper">...</div>
  (Session info: chrome=131.0.6778.140)
Stacktrace:
	GetHandleVerifier [0x00007FF7F3096CC5+28821]
	(No symbol) [0x00007FF7F3003850]
	(No symbol) [0x00007FF7F2EA578A]
	(No symbol) [0x00007FF7F2F00E8E]
	(No symbol) [0x00007FF7F2EFE92C]
	(No symbol) [0x00007FF7F2EFBAF6]
	(No symbol) [0x00007FF7F2EFAA51]
	(No symbol) [0x00007FF7F2EECBA0]
	(No symbol) [0x00007FF7F2F1F2FA]
	(No symbol) [0x00007FF7F2EEC3F6]
	(No symbol) [0x00007FF7F2F1F510]
	(No symbol) [0x00007FF7F2F3F412]
	(No symbol) [0x00007FF7F2F1F0A3]
	(No symbol) [0x00007FF7F2EEA778]
	(No symbol) [0x00007FF7F2EEB8E1]
	GetHandleVerifier [0x00007FF7F33CFCCD+3408029]
	GetHandleVerifier [0x00007FF7F33E743F+3504143]
	GetHandleVerifier [0x00007FF7F33DB61D+3455469]
	GetHandleVerifier [0x00007FF7F315BDCB+835995]
	(No symbol) [0x00007FF7F300EB6F]
	(No symbol) [0x00007FF7F300A824]
	(No symbol) [0x00007FF7F300A9BD]
	(No symbol) [0x00007FF7F2FFA1A9]
	BaseThreadInitThunk [0x00007FF9AA0F259D+29]
	RtlUserThreadStart [0x00007FF9AA40AF38+40]

2024-12-17 19:08:55,837 - INFO - Saved 10 jobs to recent_job_listings1.csv.
2024-12-17 19:13:12,023 - INFO - Scraping page 1...
2024-12-17 19:13:16,085 - INFO - Found 20 job listings on page 1.
2024-12-17 19:13:21,093 - ERROR - Error navigating to next page: Message: element click intercepted: Element <span>...</span> is not clickable at point (823, 9). Other element would receive the click: <div class="nI-gNb-header__wrapper">...</div>
  (Session info: chrome=131.0.6778.140)
Stacktrace:
	GetHandleVerifier [0x00007FF799896CC5+28821]
	(No symbol) [0x00007FF799803850]
	(No symbol) [0x00007FF7996A578A]
	(No symbol) [0x00007FF799700E8E]
	(No symbol) [0x00007FF7996FE92C]
	(No symbol) [0x00007FF7996FBAF6]
	(No symbol) [0x00007FF7996FAA51]
	(No symbol) [0x00007FF7996ECBA0]
	(No symbol) [0x00007FF79971F2FA]
	(No symbol) [0x00007FF7996EC3F6]
	(No symbol) [0x00007FF79971F510]
	(No symbol) [0x00007FF79973F412]
	(No symbol) [0x00007FF79971F0A3]
	(No symbol) [0x00007FF7996EA778]
	(No symbol) [0x00007FF7996EB8E1]
	GetHandleVerifier [0x00007FF799BCFCCD+3408029]
	GetHandleVerifier [0x00007FF799BE743F+3504143]
	GetHandleVerifier [0x00007FF799BDB61D+3455469]
	GetHandleVerifier [0x00007FF79995BDCB+835995]
	(No symbol) [0x00007FF79980EB6F]
	(No symbol) [0x00007FF79980A824]
	(No symbol) [0x00007FF79980A9BD]
	(No symbol) [0x00007FF7997FA1A9]
	BaseThreadInitThunk [0x00007FF9AA0F259D+29]
	RtlUserThreadStart [0x00007FF9AA40AF38+40]

2024-12-17 19:13:23,399 - INFO - Saved 9 jobs to recent_job_listings.csv.
2024-12-17 19:16:43,698 - INFO - Scraping page 1...
2024-12-17 19:16:49,183 - INFO - Found 20 job listings on page 1.
2024-12-17 19:16:55,350 - ERROR - Error navigating to next page: Message: element click intercepted: Element <span>...</span> is not clickable at point (823, 9). Other element would receive the click: <div class="nI-gNb-header__wrapper">...</div>
  (Session info: chrome=131.0.6778.140)
Stacktrace:
	GetHandleVerifier [0x00007FF60E326CC5+28821]
	(No symbol) [0x00007FF60E293850]
	(No symbol) [0x00007FF60E13578A]
	(No symbol) [0x00007FF60E190E8E]
	(No symbol) [0x00007FF60E18E92C]
	(No symbol) [0x00007FF60E18BAF6]
	(No symbol) [0x00007FF60E18AA51]
	(No symbol) [0x00007FF60E17CBA0]
	(No symbol) [0x00007FF60E1AF2FA]
	(No symbol) [0x00007FF60E17C3F6]
	(No symbol) [0x00007FF60E1AF510]
	(No symbol) [0x00007FF60E1CF412]
	(No symbol) [0x00007FF60E1AF0A3]
	(No symbol) [0x00007FF60E17A778]
	(No symbol) [0x00007FF60E17B8E1]
	GetHandleVerifier [0x00007FF60E65FCCD+3408029]
	GetHandleVerifier [0x00007FF60E67743F+3504143]
	GetHandleVerifier [0x00007FF60E66B61D+3455469]
	GetHandleVerifier [0x00007FF60E3EBDCB+835995]
	(No symbol) [0x00007FF60E29EB6F]
	(No symbol) [0x00007FF60E29A824]
	(No symbol) [0x00007FF60E29A9BD]
	(No symbol) [0x00007FF60E28A1A9]
	BaseThreadInitThunk [0x00007FF9AA0F259D+29]
	RtlUserThreadStart [0x00007FF9AA40AF38+40]

2024-12-17 19:16:59,325 - INFO - Saved 9 jobs to recent_job_listings1.csv.
2024-12-17 19:20:46,618 - INFO - Scraping page 1...
2024-12-17 19:20:50,381 - INFO - Found 20 job listings on page 1.
2024-12-17 19:20:55,772 - ERROR - Error navigating to next page: Message: element click intercepted: Element <span>...</span> is not clickable at point (823, 9). Other element would receive the click: <div class="nI-gNb-header__wrapper">...</div>
  (Session info: chrome=131.0.6778.140)
Stacktrace:
	GetHandleVerifier [0x00007FF780486CC5+28821]
	(No symbol) [0x00007FF7803F3850]
	(No symbol) [0x00007FF78029578A]
	(No symbol) [0x00007FF7802F0E8E]
	(No symbol) [0x00007FF7802EE92C]
	(No symbol) [0x00007FF7802EBAF6]
	(No symbol) [0x00007FF7802EAA51]
	(No symbol) [0x00007FF7802DCBA0]
	(No symbol) [0x00007FF78030F2FA]
	(No symbol) [0x00007FF7802DC3F6]
	(No symbol) [0x00007FF78030F510]
	(No symbol) [0x00007FF78032F412]
	(No symbol) [0x00007FF78030F0A3]
	(No symbol) [0x00007FF7802DA778]
	(No symbol) [0x00007FF7802DB8E1]
	GetHandleVerifier [0x00007FF7807BFCCD+3408029]
	GetHandleVerifier [0x00007FF7807D743F+3504143]
	GetHandleVerifier [0x00007FF7807CB61D+3455469]
	GetHandleVerifier [0x00007FF78054BDCB+835995]
	(No symbol) [0x00007FF7803FEB6F]
	(No symbol) [0x00007FF7803FA824]
	(No symbol) [0x00007FF7803FA9BD]
	(No symbol) [0x00007FF7803EA1A9]
	BaseThreadInitThunk [0x00007FF9AA0F259D+29]
	RtlUserThreadStart [0x00007FF9AA40AF38+40]

2024-12-17 19:20:58,019 - INFO - Saved 9 jobs to recent_job_listings1.csv.
2024-12-17 19:25:47,063 - INFO - Scraping page 1...
2024-12-17 19:25:50,148 - INFO - Found 20 job listings on page 1.
2024-12-17 19:25:55,950 - ERROR - Error navigating to next page: Message: element click intercepted: Element <span>...</span> is not clickable at point (823, 9). Other element would receive the click: <div class="nI-gNb-header__wrapper">...</div>
  (Session info: chrome=131.0.6778.140)
Stacktrace:
	GetHandleVerifier [0x00007FF727F56CC5+28821]
	(No symbol) [0x00007FF727EC3850]
	(No symbol) [0x00007FF727D6578A]
	(No symbol) [0x00007FF727DC0E8E]
	(No symbol) [0x00007FF727DBE92C]
	(No symbol) [0x00007FF727DBBAF6]
	(No symbol) [0x00007FF727DBAA51]
	(No symbol) [0x00007FF727DACBA0]
	(No symbol) [0x00007FF727DDF2FA]
	(No symbol) [0x00007FF727DAC3F6]
	(No symbol) [0x00007FF727DDF510]
	(No symbol) [0x00007FF727DFF412]
	(No symbol) [0x00007FF727DDF0A3]
	(No symbol) [0x00007FF727DAA778]
	(No symbol) [0x00007FF727DAB8E1]
	GetHandleVerifier [0x00007FF72828FCCD+3408029]
	GetHandleVerifier [0x00007FF7282A743F+3504143]
	GetHandleVerifier [0x00007FF72829B61D+3455469]
	GetHandleVerifier [0x00007FF72801BDCB+835995]
	(No symbol) [0x00007FF727ECEB6F]
	(No symbol) [0x00007FF727ECA824]
	(No symbol) [0x00007FF727ECA9BD]
	(No symbol) [0x00007FF727EBA1A9]
	BaseThreadInitThunk [0x00007FF9AA0F259D+29]
	RtlUserThreadStart [0x00007FF9AA40AF38+40]

2024-12-17 19:25:58,303 - INFO - Saved 2 jobs to recent_java_fresher_jobs.csv.
2024-12-17 19:33:25,019 - INFO - Scraping page 1...
2024-12-17 19:33:28,372 - INFO - Found 20 job listings on page 1.
2024-12-17 19:33:34,801 - ERROR - Error navigating to next page: Message: element click intercepted: Element <span>...</span> is not clickable at point (823, 9). Other element would receive the click: <div class="nI-gNb-header__wrapper">...</div>
  (Session info: chrome=131.0.6778.140)
Stacktrace:
	GetHandleVerifier [0x00007FF7BF5A6CC5+28821]
	(No symbol) [0x00007FF7BF513850]
	(No symbol) [0x00007FF7BF3B578A]
	(No symbol) [0x00007FF7BF410E8E]
	(No symbol) [0x00007FF7BF40E92C]
	(No symbol) [0x00007FF7BF40BAF6]
	(No symbol) [0x00007FF7BF40AA51]
	(No symbol) [0x00007FF7BF3FCBA0]
	(No symbol) [0x00007FF7BF42F2FA]
	(No symbol) [0x00007FF7BF3FC3F6]
	(No symbol) [0x00007FF7BF42F510]
	(No symbol) [0x00007FF7BF44F412]
	(No symbol) [0x00007FF7BF42F0A3]
	(No symbol) [0x00007FF7BF3FA778]
	(No symbol) [0x00007FF7BF3FB8E1]
	GetHandleVerifier [0x00007FF7BF8DFCCD+3408029]
	GetHandleVerifier [0x00007FF7BF8F743F+3504143]
	GetHandleVerifier [0x00007FF7BF8EB61D+3455469]
	GetHandleVerifier [0x00007FF7BF66BDCB+835995]
	(No symbol) [0x00007FF7BF51EB6F]
	(No symbol) [0x00007FF7BF51A824]
	(No symbol) [0x00007FF7BF51A9BD]
	(No symbol) [0x00007FF7BF50A1A9]
	BaseThreadInitThunk [0x00007FF9AA0F259D+29]
	RtlUserThreadStart [0x00007FF9AA40AF38+40]

2024-12-17 19:33:37,219 - INFO - Saved 1 jobs to recent_python_fresher_jobs.csv.
2024-12-17 19:38:02,182 - INFO - Scraping page 1...
2024-12-17 19:38:06,588 - INFO - Found 20 job listings on page 1.
2024-12-17 19:38:12,474 - ERROR - Error navigating to next page: Message: element click intercepted: Element <span>...</span> is not clickable at point (823, 9). Other element would receive the click: <div class="nI-gNb-header__wrapper">...</div>
  (Session info: chrome=131.0.6778.140)
Stacktrace:
	GetHandleVerifier [0x00007FF694686CC5+28821]
	(No symbol) [0x00007FF6945F3850]
	(No symbol) [0x00007FF69449578A]
	(No symbol) [0x00007FF6944F0E8E]
	(No symbol) [0x00007FF6944EE92C]
	(No symbol) [0x00007FF6944EBAF6]
	(No symbol) [0x00007FF6944EAA51]
	(No symbol) [0x00007FF6944DCBA0]
	(No symbol) [0x00007FF69450F2FA]
	(No symbol) [0x00007FF6944DC3F6]
	(No symbol) [0x00007FF69450F510]
	(No symbol) [0x00007FF69452F412]
	(No symbol) [0x00007FF69450F0A3]
	(No symbol) [0x00007FF6944DA778]
	(No symbol) [0x00007FF6944DB8E1]
	GetHandleVerifier [0x00007FF6949BFCCD+3408029]
	GetHandleVerifier [0x00007FF6949D743F+3504143]
	GetHandleVerifier [0x00007FF6949CB61D+3455469]
	GetHandleVerifier [0x00007FF69474BDCB+835995]
	(No symbol) [0x00007FF6945FEB6F]
	(No symbol) [0x00007FF6945FA824]
	(No symbol) [0x00007FF6945FA9BD]
	(No symbol) [0x00007FF6945EA1A9]
	BaseThreadInitThunk [0x00007FF9AA0F259D+29]
	RtlUserThreadStart [0x00007FF9AA40AF38+40]

2024-12-17 19:38:14,776 - INFO - Saved 2 jobs to recent_python_fresher_jobs.csv.
2024-12-17 19:39:04,441 - INFO - Scraping page 1...
2024-12-17 19:39:07,692 - INFO - Found 20 job listings on page 1.
2024-12-17 19:39:13,587 - ERROR - Error navigating to next page: Message: element click intercepted: Element <span>...</span> is not clickable at point (823, 9). Other element would receive the click: <div class="nI-gNb-header__wrapper">...</div>
  (Session info: chrome=131.0.6778.140)
Stacktrace:
	GetHandleVerifier [0x00007FF751356CC5+28821]
	(No symbol) [0x00007FF7512C3850]
	(No symbol) [0x00007FF75116578A]
	(No symbol) [0x00007FF7511C0E8E]
	(No symbol) [0x00007FF7511BE92C]
	(No symbol) [0x00007FF7511BBAF6]
	(No symbol) [0x00007FF7511BAA51]
	(No symbol) [0x00007FF7511ACBA0]
	(No symbol) [0x00007FF7511DF2FA]
	(No symbol) [0x00007FF7511AC3F6]
	(No symbol) [0x00007FF7511DF510]
	(No symbol) [0x00007FF7511FF412]
	(No symbol) [0x00007FF7511DF0A3]
	(No symbol) [0x00007FF7511AA778]
	(No symbol) [0x00007FF7511AB8E1]
	GetHandleVerifier [0x00007FF75168FCCD+3408029]
	GetHandleVerifier [0x00007FF7516A743F+3504143]
	GetHandleVerifier [0x00007FF75169B61D+3455469]
	GetHandleVerifier [0x00007FF75141BDCB+835995]
	(No symbol) [0x00007FF7512CEB6F]
	(No symbol) [0x00007FF7512CA824]
	(No symbol) [0x00007FF7512CA9BD]
	(No symbol) [0x00007FF7512BA1A9]
	BaseThreadInitThunk [0x00007FF9AA0F259D+29]
	RtlUserThreadStart [0x00007FF9AA40AF38+40]

2024-12-17 19:39:15,914 - INFO - Saved 2 jobs to recent_python_fresher_jobs.csv.
2024-12-17 19:42:02,498 - INFO - Scraping page 1...
2024-12-17 19:42:06,499 - INFO - Found 20 job listings on page 1.
2024-12-17 19:42:12,197 - ERROR - Error navigating to next page: Message: element click intercepted: Element <span>...</span> is not clickable at point (823, 9). Other element would receive the click: <div class="nI-gNb-header__wrapper">...</div>
  (Session info: chrome=131.0.6778.140)
Stacktrace:
	GetHandleVerifier [0x00007FF629FB6CC5+28821]
	(No symbol) [0x00007FF629F23850]
	(No symbol) [0x00007FF629DC578A]
	(No symbol) [0x00007FF629E20E8E]
	(No symbol) [0x00007FF629E1E92C]
	(No symbol) [0x00007FF629E1BAF6]
	(No symbol) [0x00007FF629E1AA51]
	(No symbol) [0x00007FF629E0CBA0]
	(No symbol) [0x00007FF629E3F2FA]
	(No symbol) [0x00007FF629E0C3F6]
	(No symbol) [0x00007FF629E3F510]
	(No symbol) [0x00007FF629E5F412]
	(No symbol) [0x00007FF629E3F0A3]
	(No symbol) [0x00007FF629E0A778]
	(No symbol) [0x00007FF629E0B8E1]
	GetHandleVerifier [0x00007FF62A2EFCCD+3408029]
	GetHandleVerifier [0x00007FF62A30743F+3504143]
	GetHandleVerifier [0x00007FF62A2FB61D+3455469]
	GetHandleVerifier [0x00007FF62A07BDCB+835995]
	(No symbol) [0x00007FF629F2EB6F]
	(No symbol) [0x00007FF629F2A824]
	(No symbol) [0x00007FF629F2A9BD]
	(No symbol) [0x00007FF629F1A1A9]
	BaseThreadInitThunk [0x00007FF9AA0F259D+29]
	RtlUserThreadStart [0x00007FF9AA40AF38+40]

2024-12-17 19:42:14,542 - INFO - Saved 2 jobs to recent_python_fresher_jobs.csv.
2024-12-17 19:42:24,530 - INFO - Scraping page 1...
2024-12-17 19:42:28,104 - INFO - Found 20 job listings on page 1.
2024-12-17 19:42:33,863 - ERROR - Error navigating to next page: Message: element click intercepted: Element <span>...</span> is not clickable at point (823, 9). Other element would receive the click: <div class="nI-gNb-header__wrapper">...</div>
  (Session info: chrome=131.0.6778.140)
Stacktrace:
	GetHandleVerifier [0x00007FF629FB6CC5+28821]
	(No symbol) [0x00007FF629F23850]
	(No symbol) [0x00007FF629DC578A]
	(No symbol) [0x00007FF629E20E8E]
	(No symbol) [0x00007FF629E1E92C]
	(No symbol) [0x00007FF629E1BAF6]
	(No symbol) [0x00007FF629E1AA51]
	(No symbol) [0x00007FF629E0CBA0]
	(No symbol) [0x00007FF629E3F2FA]
	(No symbol) [0x00007FF629E0C3F6]
	(No symbol) [0x00007FF629E3F510]
	(No symbol) [0x00007FF629E5F412]
	(No symbol) [0x00007FF629E3F0A3]
	(No symbol) [0x00007FF629E0A778]
	(No symbol) [0x00007FF629E0B8E1]
	GetHandleVerifier [0x00007FF62A2EFCCD+3408029]
	GetHandleVerifier [0x00007FF62A30743F+3504143]
	GetHandleVerifier [0x00007FF62A2FB61D+3455469]
	GetHandleVerifier [0x00007FF62A07BDCB+835995]
	(No symbol) [0x00007FF629F2EB6F]
	(No symbol) [0x00007FF629F2A824]
	(No symbol) [0x00007FF629F2A9BD]
	(No symbol) [0x00007FF629F1A1A9]
	BaseThreadInitThunk [0x00007FF9AA0F259D+29]
	RtlUserThreadStart [0x00007FF9AA40AF38+40]

2024-12-17 19:42:36,201 - INFO - Saved 2 jobs to recent_python_fresher_jobs.csv.
2025-01-07 10:17:44,406 - INFO - Scraping page 1...
2025-01-07 10:17:51,096 - INFO - Found 20 job listings on page 1.
2025-01-07 10:17:57,889 - ERROR - Error navigating to next page: Message: element click intercepted: Element <span>...</span> is not clickable at point (823, 9). Other element would receive the click: <div class="nI-gNb-header__wrapper">...</div>
  (Session info: chrome=131.0.6778.205)
Stacktrace:
	GetHandleVerifier [0x00007FF6A7386CC5+28821]
	(No symbol) [0x00007FF6A72F3850]
	(No symbol) [0x00007FF6A719578A]
	(No symbol) [0x00007FF6A71F0E8E]
	(No symbol) [0x00007FF6A71EE92C]
	(No symbol) [0x00007FF6A71EBAF6]
	(No symbol) [0x00007FF6A71EAA51]
	(No symbol) [0x00007FF6A71DCBA0]
	(No symbol) [0x00007FF6A720F2FA]
	(No symbol) [0x00007FF6A71DC3F6]
	(No symbol) [0x00007FF6A720F510]
	(No symbol) [0x00007FF6A722F412]
	(No symbol) [0x00007FF6A720F0A3]
	(No symbol) [0x00007FF6A71DA778]
	(No symbol) [0x00007FF6A71DB8E1]
	GetHandleVerifier [0x00007FF6A76BFCCD+3408029]
	GetHandleVerifier [0x00007FF6A76D743F+3504143]
	GetHandleVerifier [0x00007FF6A76CB61D+3455469]
	GetHandleVerifier [0x00007FF6A744BDCB+835995]
	(No symbol) [0x00007FF6A72FEB6F]
	(No symbol) [0x00007FF6A72FA824]
	(No symbol) [0x00007FF6A72FA9BD]
	(No symbol) [0x00007FF6A72EA1A9]
	BaseThreadInitThunk [0x00007FFC7430259D+29]
	RtlUserThreadStart [0x00007FFC74EAAF38+40]

2025-01-07 10:18:01,833 - INFO - Saved 2 jobs to recent_python_fresher_jobs.csv.
2025-01-07 10:25:07,745 - INFO - Scraping page 1...
2025-01-07 10:25:10,001 - INFO - Found 20 job listings on page 1.
2025-01-07 10:25:15,602 - ERROR - Error navigating to next page: Message: element click intercepted: Element <span>...</span> is not clickable at point (823, 9). Other element would receive the click: <div class="nI-gNb-header__wrapper">...</div>
  (Session info: chrome=131.0.6778.205)
Stacktrace:
	GetHandleVerifier [0x00007FF71B666CC5+28821]
	(No symbol) [0x00007FF71B5D3850]
	(No symbol) [0x00007FF71B47578A]
	(No symbol) [0x00007FF71B4D0E8E]
	(No symbol) [0x00007FF71B4CE92C]
	(No symbol) [0x00007FF71B4CBAF6]
	(No symbol) [0x00007FF71B4CAA51]
	(No symbol) [0x00007FF71B4BCBA0]
	(No symbol) [0x00007FF71B4EF2FA]
	(No symbol) [0x00007FF71B4BC3F6]
	(No symbol) [0x00007FF71B4EF510]
	(No symbol) [0x00007FF71B50F412]
	(No symbol) [0x00007FF71B4EF0A3]
	(No symbol) [0x00007FF71B4BA778]
	(No symbol) [0x00007FF71B4BB8E1]
	GetHandleVerifier [0x00007FF71B99FCCD+3408029]
	GetHandleVerifier [0x00007FF71B9B743F+3504143]
	GetHandleVerifier [0x00007FF71B9AB61D+3455469]
	GetHandleVerifier [0x00007FF71B72BDCB+835995]
	(No symbol) [0x00007FF71B5DEB6F]
	(No symbol) [0x00007FF71B5DA824]
	(No symbol) [0x00007FF71B5DA9BD]
	(No symbol) [0x00007FF71B5CA1A9]
	BaseThreadInitThunk [0x00007FFC7430259D+29]
	RtlUserThreadStart [0x00007FFC74EAAF38+40]

2025-01-07 10:25:17,873 - INFO - Saved 2 jobs to recent_python_fresher_jobs.csv.
